        -:    0:Source:randomtestcard2.c
        -:    0:Graph:randomtestcard2.gcno
        -:    0:Data:randomtestcard2.gcda
        -:    0:Runs:1
        -:    0:Programs:1
        -:    1:/*
        -:    2://Author: 		Jong Park (parkj6)
        -:    3://Filename:		randomtestcard2.c
        -:    4://Description: 	Tests the gardens card in cards.h file in the dominion.c file.
        -:    5:*/
        -:    6:
        -:    7:#include <stdio.h>
        -:    8:#include "dominion.h"
        -:    9:#include "testing.h"
        -:   10:
        1:   11:int main(){
        -:   12:	struct gameState g;
        -:   13:	int test;
        1:   14:	int i = 0;
        -:   15:	
  1000001:   16:	for(i=0; i<MIL; i++){
  1000000:   17:		initializeGame(dice(10), k, EVERYTHING, &g);
        -:   18:		
  1000000:   19:		test = cardEffect(k[2], NULL, NULL, NULL, &g, NULL, 0);
  1000000:   20:		myassert(test==-1, "Returned -1\n");
        -:   21:		
        -:   22:		
        -:   23:		
        -:   24:		
        -:   25:	}
        -:   26:	
        1:   27:	checkasserts();
        1:   28:	return 0;
        -:   29:}
