        -:    0:Source:unittest4.c
        -:    0:Graph:unittest4.gcno
        -:    0:Data:unittest4.gcda
        -:    0:Runs:1
        -:    0:Programs:1
        -:    1:/*
        -:    2://Author: 		Jong Park (parkj6)
        -:    3://Filename:		unittest4.c
        -:    4://Description: 	Tests endTurn functions in the dominion.c file.
        -:    5:*/
        -:    6:
        -:    7:#include <stdio.h>
        -:    8:#include "dominion.h"
        -:    9:#include "testing.h"
        -:   10:
        1:   11:int main() {
        -:   12:	struct gameState g;
        -:   13:	int test;
        -:   14:	
        -:   15:	//initialize game.
        1:   16:	initializeGame(2, k, 9, &g);
        -:   17:	
        1:   18:	test = endTurn(&g);
        1:   19:	myassert(test==0, "Turn ended.");
        -:   20:	
        1:   21:	checkasserts();
        1:   22:	return 0;
        -:   23:}
