        -:    0:Source:unittest3.c
        -:    0:Graph:unittest3.gcno
        -:    0:Data:unittest3.gcda
        -:    0:Runs:1
        -:    0:Programs:1
        -:    1:/*
        -:    2://Author: 		Jong Park (parkj6)
        -:    3://Filename:		unittest3.c
        -:    4://Description: 	Tests the function supplyCount in the dominion.c file.
        -:    5:*/
        -:    6:
        -:    7:#include <stdio.h>
        -:    8:#include "dominion.h"
        -:    9:#include "testing.h"
        -:   10:
        1:   11:int main() {
        -:   12:	struct gameState g;
        -:   13:	int test;
        -:   14:	
        -:   15:	//initialize game.
        1:   16:	initializeGame(2, k, 9, &g);
        -:   17:
        -:   18:	//test1 = Silver
        1:   19:	test = supplyCount(smithy, &g);
        1:   20:	myassert(test==10, "Smithy gets 10 Supplies. \n\t(SHOULD PASS...)");
        -:   21:	
        -:   22:	
        -:   23:	//test2 = Silver
        1:   24:	test = supplyCount(silver, &g);
        1:   25:	myassert(test==40, "Silver gets 40 Supplies. \n\t(SHOULD PASS...)");
        -:   26:	
        -:   27:	
        -:   28:	//test3 = Copper
        1:   29:	test = supplyCount(copper, &g);
        1:   30:	myassert(test==46, "Copper gets 46 Supplies. \n\t(SHOULD PASS...)");
        -:   31:	
        1:   32:	checkasserts();
        1:   33:	return 0;
        -:   34:}
