        -:    0:Source:unittest2.c
        -:    0:Graph:unittest2.gcno
        -:    0:Data:unittest2.gcda
        -:    0:Runs:1
        -:    0:Programs:1
        -:    1:/*
        -:    2://Author: 		Jong Park (parkj6)
        -:    3://Filename:		unittest2.c
        -:    4://Description: 	Tests the function numHandCards in dominion.c file.
        -:    5:*/
        -:    6:
        -:    7:#include <stdio.h>
        -:    8:#include "dominion.h"
        -:    9:#include "testing.h"
        -:   10:
        1:   11:int main() {
        -:   12:	struct gameState g;
        -:   13:	int test;
        -:   14:	
        -:   15:	//initialize game.
        1:   16:	initializeGame(2, k, 9, &g);
        -:   17:	
        -:   18:	//test 1 = 5 cards at start. 
        1:   19:	test = numHandCards (&g);
        1:   20:	myassert(test==5, "5 Cards at start.\n\t(SHOULD PASS...)");
        -:   21:		
        -:   22:	//test 2 = 10 cards at start. 
        1:   23:	test = numHandCards (&g);
        1:   24:	myassert(test==10, "10 Cards at start.\n\t(SHOULD NOT PASS...)");
        -:   25:	
        -:   26:	//test 3 = 1 cards at start. 
        1:   27:	test = numHandCards (&g);
        1:   28:	myassert(test==1, "1 Cards at start.\n\t(SHOULD NOT PASS...)");
        -:   29:	
        1:   30:	checkasserts();
        1:   31:	return 0;
        -:   32:}
